{
  "RSpec": {
    "coverage": {
      "/Users/christopherward/Projects/dinnr/spec/features/bookings_features_spec.rb": [
        1,
        null,
        1,
        null,
        1,
        4,
        null,
        null,
        1,
        1,
        1,
        1,
        1,
        1,
        1,
        1,
        1,
        1,
        1,
        1,
        1,
        1,
        null,
        null,
        1,
        1,
        1,
        1,
        1,
        null,
        null,
        1,
        1,
        1,
        1,
        1,
        1,
        1,
        1,
        1,
        1,
        1,
        1,
        1,
        null,
        null,
        1,
        1,
        1,
        1,
        1,
        1,
        1,
        1,
        1,
        null,
        null,
        null,
        null,
        1,
        null,
        3,
        null,
        1,
        1,
        1,
        1,
        null,
        null,
        1,
        1,
        1,
        1,
        null,
        null,
        null,
        1,
        3,
        null,
        1,
        1,
        1,
        null,
        null,
        1,
        1,
        1,
        null,
        null,
        null,
        1,
        null,
        1,
        1,
        null,
        null,
        1,
        1,
        1,
        1,
        1,
        1,
        1,
        null,
        null,
        null
      ],
      "/Users/christopherward/Projects/dinnr/spec/rails_helper.rb": [
        null,
        1,
        1,
        1,
        1,
        1,
        1,
        null,
        null,
        null,
        null,
        null,
        null,
        null,
        null,
        null,
        null,
        null,
        null,
        null,
        null,
        null,
        null,
        2,
        null,
        1,
        null,
        1,
        null,
        null,
        null,
        null,
        null,
        null,
        null,
        null,
        null,
        null,
        null,
        null,
        null,
        1,
        null,
        1,
        null,
        null,
        null,
        null,
        null,
        null,
        null,
        null,
        null,
        null,
        null,
        null,
        null,
        null,
        null,
        1,
        null,
        1,
        1,
        null,
        1538,
        null,
        null,
        null,
        null,
        1,
        null,
        null,
        null,
        null,
        1,
        null,
        null,
        null,
        1,
        null,
        null,
        null,
        null,
        null,
        null,
        null,
        null,
        null,
        null,
        null,
        null,
        null,
        null,
        1,
        null
      ],
      "/Users/christopherward/Projects/dinnr/config/environment.rb": [
        null,
        1,
        null,
        null,
        1
      ],
      "/Users/christopherward/Projects/dinnr/config/application.rb": [
        1,
        null,
        1,
        null,
        1,
        1,
        1,
        1,
        1,
        1,
        1,
        null,
        null,
        null,
        null,
        1,
        null,
        1,
        1,
        null,
        1,
        null,
        null,
        null,
        null,
        null,
        null,
        null,
        null,
        null,
        null,
        null,
        null,
        null,
        null,
        null,
        null,
        1,
        null,
        null
      ],
      "/Users/christopherward/Projects/dinnr/config/boot.rb": [
        1,
        null,
        1
      ],
      "/Users/christopherward/Projects/dinnr/config/environments/test.rb": [
        1,
        null,
        null,
        null,
        null,
        null,
        null,
        1,
        null,
        1,
        null,
        null,
        null,
        null,
        1,
        null,
        null,
        1,
        1,
        null,
        null,
        1,
        1,
        null,
        null,
        1,
        null,
        null,
        1,
        null,
        null,
        null,
        null,
        1,
        null,
        null,
        1,
        null,
        null,
        1,
        null,
        null,
        null,
        null
      ],
      "/Users/christopherward/Projects/dinnr/config/initializers/assets.rb": [
        null,
        null,
        null,
        1,
        null,
        null,
        null,
        null,
        null,
        null,
        null
      ],
      "/Users/christopherward/Projects/dinnr/config/initializers/backtrace_silencers.rb": [
        null,
        null,
        null,
        null,
        null,
        null,
        null
      ],
      "/Users/christopherward/Projects/dinnr/config/initializers/cookies_serializer.rb": [
        null,
        null,
        1
      ],
      "/Users/christopherward/Projects/dinnr/config/initializers/devise.rb": [
        1,
        null,
        1,
        null,
        1,
        null,
        1,
        null,
        1,
        null,
        1,
        null,
        1,
        null,
        1,
        null,
        1,
        null,
        1,
        null,
        1,
        null,
        1,
        null,
        1,
        null,
        1,
        null,
        null
      ],
      "/Users/christopherward/Projects/dinnr/config/initializers/filter_parameter_logging.rb": [
        null,
        null,
        null,
        1
      ],
      "/Users/christopherward/Projects/dinnr/config/initializers/inflections.rb": [
        null,
        null,
        null,
        null,
        null,
        1,
        1,
        null,
        null,
        null,
        null,
        null,
        null,
        null,
        null,
        null,
        null
      ],
      "/Users/christopherward/Projects/dinnr/config/initializers/mime_types.rb": [
        null,
        null,
        null,
        null
      ],
      "/Users/christopherward/Projects/dinnr/config/initializers/paperclip.rb": [
        1,
        1
      ],
      "/Users/christopherward/Projects/dinnr/config/initializers/session_store.rb": [
        null,
        null,
        1
      ],
      "/Users/christopherward/Projects/dinnr/config/initializers/wrap_parameters.rb": [
        null,
        null,
        null,
        null,
        null,
        null,
        1,
        1,
        null,
        null,
        null,
        null,
        null,
        null
      ],
      "/Users/christopherward/Projects/dinnr/test/factories/bookings.rb": [
        1,
        1,
        1,
        1,
        null,
        null
      ],
      "/Users/christopherward/Projects/dinnr/test/factories/events.rb": [
        1,
        1,
        1,
        1,
        1,
        1,
        1,
        1,
        1,
        1,
        1,
        1,
        1,
        1,
        null,
        null,
        null
      ],
      "/Users/christopherward/Projects/dinnr/test/factories/pictures.rb": [
        1,
        1,
        1,
        null,
        null,
        null
      ],
      "/Users/christopherward/Projects/dinnr/test/factories/review.rb": [
        1,
        1,
        1,
        1,
        1,
        1,
        null,
        null,
        null
      ],
      "/Users/christopherward/Projects/dinnr/test/factories/users.rb": [
        1,
        1,
        1,
        1,
        1,
        1,
        1,
        null,
        null
      ],
      "/Users/christopherward/Projects/dinnr/config/routes.rb": [
        1,
        null,
        1,
        null,
        1,
        null,
        1,
        1,
        null,
        1,
        1,
        1,
        1,
        1,
        null,
        null,
        1,
        1,
        1,
        null,
        null,
        null,
        null,
        1,
        null,
        1,
        null,
        1,
        null,
        1,
        1,
        1,
        1,
        1,
        null,
        null,
        null,
        null,
        null
      ],
      "/Users/christopherward/Projects/dinnr/app/models/user.rb": [
        1,
        null,
        1,
        1,
        1,
        1,
        1,
        null,
        1,
        null,
        1,
        null,
        1,
        0,
        0,
        0,
        0,
        0,
        0,
        null,
        null,
        null,
        1,
        22,
        22,
        0,
        null,
        null,
        null,
        null,
        1,
        null,
        null,
        1,
        null,
        null
      ],
      "/Users/christopherward/Projects/dinnr/app/helpers/application_helper.rb": [
        1,
        null
      ],
      "/Users/christopherward/Projects/dinnr/app/helpers/bookings_helper.rb": [
        1,
        null
      ],
      "/Users/christopherward/Projects/dinnr/app/helpers/eventpictures_helper.rb": [
        1,
        null
      ],
      "/Users/christopherward/Projects/dinnr/app/helpers/events_helper.rb": [
        1,
        null
      ],
      "/Users/christopherward/Projects/dinnr/app/helpers/pictures_helper.rb": [
        1,
        null
      ],
      "/Users/christopherward/Projects/dinnr/app/helpers/reviews_helper.rb": [
        1,
        null
      ],
      "/Users/christopherward/Projects/dinnr/app/helpers/users_helper.rb": [
        1,
        null
      ],
      "/Users/christopherward/Projects/dinnr/spec/support/test_methods.rb": [
        1,
        0,
        0,
        0,
        0,
        0,
        0,
        null,
        null,
        1,
        0,
        0,
        0,
        0,
        0,
        0,
        0,
        0,
        0,
        null,
        null,
        1,
        0,
        0,
        0,
        0,
        0,
        null,
        null,
        1,
        5,
        5,
        5,
        5,
        5,
        5,
        5,
        5,
        null,
        null,
        1,
        3,
        3,
        3,
        3,
        3,
        3,
        3,
        3,
        null,
        null,
        1,
        1,
        1,
        1,
        1,
        1,
        1,
        null,
        null,
        1,
        1,
        1,
        1,
        1,
        1,
        1,
        null,
        null,
        1,
        5,
        5,
        5,
        5,
        5,
        5,
        5,
        5,
        5,
        null,
        null,
        null,
        null,
        1,
        0,
        0,
        0,
        0,
        0,
        0,
        null,
        null,
        1,
        0,
        null,
        null,
        null,
        null,
        null,
        null,
        null,
        null,
        null,
        null,
        null,
        null,
        null,
        null,
        1,
        0,
        null,
        null,
        1,
        0,
        null,
        null,
        1,
        0,
        null,
        null,
        null,
        null,
        1,
        0,
        0,
        0,
        0,
        null,
        null,
        null,
        null,
        1,
        6,
        6,
        null
      ],
      "/Users/christopherward/Projects/dinnr/app/controllers/events_controller.rb": [
        1,
        null,
        1,
        null,
        1,
        48,
        null,
        null,
        1,
        5,
        null,
        null,
        1,
        5,
        5,
        5,
        5,
        null,
        0,
        null,
        null,
        null,
        1,
        5,
        null,
        null,
        1,
        15,
        15,
        37,
        15,
        15,
        15,
        null,
        null,
        1,
        0,
        null,
        null,
        1,
        0,
        0,
        0,
        null,
        null,
        1,
        0,
        0,
        0,
        0,
        0,
        null,
        null,
        null,
        null
      ],
      "/Users/christopherward/Projects/dinnr/app/controllers/application_controller.rb": [
        1,
        null,
        null,
        1,
        null
      ],
      "/Users/christopherward/Projects/dinnr/app/models/event.rb": [
        1,
        null,
        1,
        null,
        1,
        1,
        1,
        1,
        1,
        1,
        1,
        1,
        1,
        1,
        null,
        null,
        1,
        9,
        null,
        null,
        1,
        0,
        0,
        null,
        null,
        null,
        1,
        0,
        null,
        null,
        1,
        43,
        43,
        null,
        0,
        null,
        null,
        null,
        null,
        1,
        9,
        0,
        null,
        null,
        null,
        1,
        15,
        null,
        null,
        1,
        9,
        9,
        9,
        null,
        null,
        null
      ],
      "/Users/christopherward/Projects/dinnr/app/controllers/registrations_controller.rb": [
        1,
        null,
        1,
        null,
        1,
        11,
        null,
        null,
        1,
        0,
        null,
        null
      ],
      "/Users/christopherward/Projects/dinnr/app/models/booking.rb": [
        1,
        null,
        1,
        1,
        null,
        null
      ],
      "/Users/christopherward/Projects/dinnr/app/models/eventpicture.rb": [
        1,
        null,
        1,
        1,
        null,
        null
      ],
      "/Users/christopherward/Projects/dinnr/app/models/review.rb": [
        1,
        null,
        1,
        1,
        1,
        null,
        null
      ],
      "/Users/christopherward/Projects/dinnr/app/controllers/bookings_controller.rb": [
        1,
        null,
        1,
        6,
        6,
        6,
        6,
        6,
        1,
        null,
        6,
        5,
        5,
        5,
        5,
        5,
        5,
        null,
        null,
        null,
        6,
        null,
        null,
        1,
        null,
        null,
        1,
        1,
        1,
        2,
        1,
        1,
        null,
        1,
        null,
        null,
        null
      ],
      "/Users/christopherward/Projects/dinnr/app/mailers/join_event_mailer.rb": [
        1,
        1,
        null,
        1,
        5,
        5,
        null,
        null,
        null
      ],
      "/Users/christopherward/Projects/dinnr/app/mailers/application_mailer.rb": [
        1,
        1,
        1,
        null
      ]
    },
    "timestamp": 1429101755
  }
}
