{
  "RSpec": {
    "coverage": {
      "/Users/christopherward/Projects/dinnr/spec/api/api_spec.rb": [
        1,
        null,
        1,
        4,
        null,
        1,
        1,
        1,
        1,
        null,
        null,
        1,
        1,
        1,
        1,
        1,
        null,
        null,
        1,
        1,
        1,
        null,
        null
      ],
      "/Users/christopherward/Projects/dinnr/spec/rails_helper.rb": [
        null,
        1,
        1,
        1,
        1,
        1,
        1,
        null,
        null,
        null,
        null,
        null,
        null,
        null,
        null,
        null,
        null,
        null,
        null,
        null,
        null,
        null,
        null,
        2,
        null,
        1,
        null,
        1,
        null,
        null,
        null,
        null,
        null,
        null,
        null,
        null,
        null,
        null,
        null,
        null,
        null,
        1,
        null,
        1,
        null,
        null,
        null,
        null,
        null,
        null,
        null,
        null,
        null,
        null,
        null,
        null,
        null,
        null,
        null,
        1,
        null,
        1,
        1,
        null,
        5644,
        null,
        null,
        null,
        null,
        1,
        null,
        null,
        null,
        null,
        1,
        null,
        null,
        null,
        1,
        null,
        null,
        null,
        null,
        null,
        null,
        null,
        null,
        null,
        null,
        null,
        null,
        null,
        null,
        1,
        null
      ],
      "/Users/christopherward/Projects/dinnr/config/environment.rb": [
        null,
        1,
        null,
        null,
        1
      ],
      "/Users/christopherward/Projects/dinnr/config/application.rb": [
        1,
        null,
        1,
        null,
        1,
        1,
        1,
        1,
        1,
        1,
        1,
        null,
        null,
        null,
        null,
        1,
        null,
        1,
        1,
        null,
        1,
        null,
        null,
        null,
        null,
        null,
        null,
        null,
        null,
        null,
        null,
        null,
        null,
        null,
        null,
        null,
        null,
        1,
        null,
        1,
        null,
        null,
        null
      ],
      "/Users/christopherward/Projects/dinnr/config/boot.rb": [
        1,
        null,
        1
      ],
      "/Users/christopherward/Projects/dinnr/config/environments/test.rb": [
        1,
        null,
        null,
        null,
        null,
        null,
        null,
        1,
        null,
        1,
        null,
        null,
        null,
        null,
        1,
        null,
        null,
        1,
        1,
        null,
        null,
        1,
        1,
        null,
        null,
        1,
        null,
        null,
        1,
        null,
        null,
        null,
        null,
        1,
        null,
        null,
        1,
        null,
        null,
        1,
        null,
        null,
        null,
        null
      ],
      "/Users/christopherward/Projects/dinnr/config/initializers/assets.rb": [
        null,
        null,
        null,
        1,
        null,
        null,
        null,
        null,
        null,
        null,
        null
      ],
      "/Users/christopherward/Projects/dinnr/config/initializers/backtrace_silencers.rb": [
        null,
        null,
        null,
        null,
        null,
        null,
        null
      ],
      "/Users/christopherward/Projects/dinnr/config/initializers/cookies_serializer.rb": [
        null,
        null,
        1
      ],
      "/Users/christopherward/Projects/dinnr/config/initializers/devise.rb": [
        1,
        null,
        1,
        null,
        1,
        null,
        1,
        null,
        1,
        null,
        1,
        null,
        1,
        null,
        1,
        null,
        1,
        null,
        1,
        null,
        1,
        null,
        1,
        null,
        1,
        null,
        1,
        null,
        null
      ],
      "/Users/christopherward/Projects/dinnr/config/initializers/filter_parameter_logging.rb": [
        null,
        null,
        null,
        1
      ],
      "/Users/christopherward/Projects/dinnr/config/initializers/inflections.rb": [
        null,
        null,
        null,
        null,
        null,
        1,
        1,
        null,
        null,
        null,
        null,
        null,
        null,
        null,
        null,
        null,
        null
      ],
      "/Users/christopherward/Projects/dinnr/config/initializers/mime_types.rb": [
        null,
        null,
        null,
        null
      ],
      "/Users/christopherward/Projects/dinnr/config/initializers/paperclip.rb": [
        1,
        1
      ],
      "/Users/christopherward/Projects/dinnr/config/initializers/session_store.rb": [
        null,
        null,
        1
      ],
      "/Users/christopherward/Projects/dinnr/config/initializers/wrap_parameters.rb": [
        null,
        null,
        null,
        null,
        null,
        null,
        1,
        1,
        null,
        null,
        null,
        null,
        null,
        null
      ],
      "/Users/christopherward/Projects/dinnr/test/factories/bookings.rb": [
        1,
        1,
        1,
        1,
        null,
        null
      ],
      "/Users/christopherward/Projects/dinnr/test/factories/events.rb": [
        1,
        1,
        1,
        1,
        1,
        1,
        1,
        1,
        null,
        1,
        1,
        1,
        1,
        1,
        null,
        null,
        null
      ],
      "/Users/christopherward/Projects/dinnr/test/factories/pictures.rb": [
        1,
        1,
        1,
        null,
        null,
        null
      ],
      "/Users/christopherward/Projects/dinnr/test/factories/review.rb": [
        1,
        1,
        1,
        1,
        1,
        1,
        null,
        null,
        null
      ],
      "/Users/christopherward/Projects/dinnr/test/factories/users.rb": [
        1,
        1,
        1,
        1,
        1,
        1,
        1,
        null,
        null
      ],
      "/Users/christopherward/Projects/dinnr/config/routes.rb": [
        1,
        null,
        1,
        null,
        1,
        null,
        1,
        1,
        null,
        1,
        1,
        1,
        1,
        1,
        null,
        null,
        1,
        1,
        1,
        null,
        null,
        null,
        null,
        1,
        null,
        1,
        null,
        1,
        null,
        1,
        1,
        1,
        1,
        1,
        null,
        null,
        null,
        null,
        null
      ],
      "/Users/christopherward/Projects/dinnr/app/models/user.rb": [
        1,
        null,
        1,
        1,
        1,
        1,
        1,
        null,
        1,
        null,
        1,
        null,
        1,
        0,
        0,
        0,
        0,
        0,
        0,
        null,
        null,
        null,
        1,
        64,
        64,
        0,
        null,
        null,
        null,
        null,
        1,
        null,
        null,
        1,
        null,
        null
      ],
      "/Users/christopherward/Projects/dinnr/app/helpers/application_helper.rb": [
        1,
        null
      ],
      "/Users/christopherward/Projects/dinnr/app/helpers/bookings_helper.rb": [
        1,
        null
      ],
      "/Users/christopherward/Projects/dinnr/app/helpers/eventpictures_helper.rb": [
        1,
        null
      ],
      "/Users/christopherward/Projects/dinnr/app/helpers/events_helper.rb": [
        1,
        null
      ],
      "/Users/christopherward/Projects/dinnr/app/helpers/pictures_helper.rb": [
        1,
        null
      ],
      "/Users/christopherward/Projects/dinnr/app/helpers/reviews_helper.rb": [
        1,
        null
      ],
      "/Users/christopherward/Projects/dinnr/app/helpers/users_helper.rb": [
        1,
        null
      ],
      "/Users/christopherward/Projects/dinnr/spec/support/test_methods.rb": [
        1,
        7,
        7,
        7,
        7,
        7,
        7,
        null,
        null,
        1,
        7,
        7,
        7,
        7,
        7,
        7,
        7,
        7,
        7,
        null,
        null,
        1,
        6,
        6,
        6,
        6,
        6,
        null,
        null,
        1,
        17,
        17,
        17,
        17,
        17,
        17,
        17,
        17,
        null,
        null,
        1,
        5,
        5,
        5,
        5,
        5,
        5,
        5,
        5,
        null,
        null,
        1,
        1,
        1,
        1,
        1,
        1,
        1,
        null,
        null,
        1,
        1,
        1,
        1,
        1,
        1,
        1,
        null,
        null,
        1,
        5,
        5,
        5,
        5,
        5,
        5,
        5,
        5,
        5,
        null,
        null,
        null,
        null,
        1,
        1,
        1,
        1,
        1,
        1,
        1,
        null,
        null,
        1,
        13,
        null,
        null,
        null,
        null,
        null,
        null,
        null,
        null,
        null,
        null,
        null,
        null,
        null,
        null,
        1,
        3,
        null,
        null,
        1,
        2,
        null,
        null,
        1,
        3,
        null,
        null,
        null,
        null,
        1,
        3,
        3,
        3,
        3,
        null,
        null,
        null,
        null,
        1,
        6,
        6,
        null
      ],
      "/Users/christopherward/Projects/dinnr/spec/features/bookings_features_spec.rb": [
        1,
        null,
        1,
        null,
        1,
        4,
        null,
        null,
        1,
        1,
        1,
        1,
        1,
        1,
        1,
        1,
        1,
        1,
        1,
        1,
        1,
        1,
        null,
        null,
        1,
        1,
        1,
        1,
        1,
        null,
        null,
        1,
        1,
        1,
        1,
        1,
        1,
        1,
        1,
        1,
        1,
        1,
        1,
        1,
        null,
        null,
        1,
        1,
        1,
        1,
        1,
        1,
        1,
        1,
        1,
        null,
        null,
        null,
        null,
        1,
        null,
        3,
        null,
        1,
        1,
        1,
        1,
        null,
        null,
        1,
        1,
        1,
        1,
        null,
        null,
        null,
        1,
        3,
        null,
        1,
        1,
        1,
        null,
        null,
        1,
        1,
        1,
        null,
        null,
        null,
        1,
        null,
        1,
        1,
        null,
        null,
        1,
        1,
        1,
        1,
        1,
        1,
        1,
        null,
        null,
        null
      ],
      "/Users/christopherward/Projects/dinnr/spec/features/events_features_spec.rb": [
        1,
        null,
        1,
        1,
        null,
        1,
        1,
        1,
        1,
        1,
        null,
        null,
        null,
        1,
        1,
        1,
        1,
        1,
        null,
        null,
        null,
        1,
        null,
        1,
        1,
        1,
        1,
        1,
        null,
        null,
        1,
        1,
        1,
        1,
        1,
        1,
        1,
        1,
        1,
        1,
        1,
        1,
        null,
        null,
        null,
        1,
        4,
        null,
        1,
        1,
        1,
        1,
        1,
        null,
        null,
        1,
        1,
        1,
        1,
        null,
        null,
        null,
        1,
        1,
        1,
        1,
        1,
        1,
        1,
        1,
        1,
        1,
        1,
        1,
        1,
        1,
        null,
        null,
        null,
        1,
        null,
        1,
        1,
        1,
        1,
        1,
        1,
        null,
        null,
        1,
        1,
        1,
        1,
        1,
        1,
        1,
        1,
        1,
        1,
        null,
        null,
        null,
        1,
        null,
        1,
        1,
        1,
        1,
        1,
        1,
        null,
        null,
        1,
        1,
        1,
        1,
        1,
        1,
        1,
        1,
        null,
        null,
        null,
        1,
        null,
        1,
        1,
        1,
        1,
        1,
        1,
        1,
        1,
        1,
        1,
        1,
        1,
        null,
        null,
        1,
        1,
        1,
        1,
        1,
        1,
        1,
        1,
        1,
        1,
        null,
        null,
        null,
        1,
        null,
        1,
        1,
        1,
        1,
        1,
        1,
        1,
        1,
        1,
        1,
        1,
        1,
        1,
        null,
        null,
        null,
        null
      ],
      "/Users/christopherward/Projects/dinnr/spec/features/map_feature_spec.rb": [
        1,
        null,
        1,
        null,
        4,
        4,
        null,
        1,
        1,
        1,
        1,
        1,
        null,
        null,
        1,
        1,
        1,
        1,
        1,
        null,
        null,
        null,
        1,
        1,
        1,
        1,
        1,
        null,
        null,
        1,
        2,
        2,
        null,
        1,
        1,
        1,
        1,
        1,
        null,
        null,
        null,
        null,
        null,
        null,
        null
      ],
      "/Users/christopherward/Projects/dinnr/spec/features/pictures_features_spec.rb": [
        1,
        null,
        1,
        null,
        1,
        null,
        1,
        1,
        1,
        1,
        null,
        null,
        null,
        null,
        null,
        1,
        null,
        1,
        1,
        1,
        1,
        1,
        1,
        null,
        null,
        null,
        1,
        1,
        1,
        1,
        1,
        1,
        1,
        null,
        null,
        null,
        1,
        null,
        1,
        1,
        1,
        1,
        1,
        1,
        1,
        null,
        null,
        1,
        1,
        1,
        1,
        1,
        1,
        1,
        1,
        1,
        1,
        null,
        null,
        null,
        null
      ],
      "/Users/christopherward/Projects/dinnr/spec/features/reviews_feature_spec.rb": [
        1,
        null,
        1,
        null,
        1,
        1,
        1,
        1,
        1,
        1,
        null,
        null,
        1,
        1,
        1,
        1,
        1,
        1,
        1,
        1,
        1,
        null,
        null,
        1,
        1,
        1,
        1,
        1,
        1,
        1,
        1,
        null,
        null,
        1,
        1,
        1,
        1,
        1,
        1,
        1,
        1,
        1,
        1,
        1,
        1,
        1,
        1,
        null,
        null,
        1,
        1,
        1,
        1,
        1,
        1,
        1,
        1,
        1,
        1,
        1,
        1,
        null,
        null,
        null,
        null
      ],
      "/Users/christopherward/Projects/dinnr/spec/features/users_feature_spec.rb": [
        1,
        null,
        1,
        null,
        10,
        null,
        1,
        null,
        1,
        1,
        1,
        1,
        null,
        null,
        1,
        1,
        1,
        null,
        null,
        1,
        1,
        1,
        null,
        null,
        1,
        1,
        1,
        1,
        1,
        1,
        1,
        1,
        1,
        1,
        null,
        null,
        1,
        1,
        1,
        null,
        null,
        1,
        1,
        1,
        null,
        null,
        null,
        null,
        1,
        null,
        1,
        3,
        null,
        null,
        1,
        1,
        1,
        null,
        null,
        1,
        1,
        1,
        1,
        null,
        null,
        1,
        1,
        1,
        1,
        null,
        null,
        null,
        null,
        null,
        null,
        1,
        null,
        1,
        1,
        1,
        1,
        null,
        null,
        null,
        null,
        1,
        1,
        1,
        1,
        1,
        1,
        null,
        null,
        1,
        1,
        1,
        1,
        null,
        null,
        null,
        null,
        null,
        null,
        1,
        null,
        1,
        1,
        1,
        1,
        1,
        1,
        1,
        1,
        1,
        null,
        null,
        1,
        1,
        1,
        1,
        1,
        1,
        1,
        1,
        1,
        null,
        null,
        null,
        null
      ],
      "/Users/christopherward/Projects/dinnr/spec/models/booking_spec.rb": [
        1,
        null,
        1,
        null,
        2,
        2,
        null,
        null
      ],
      "/Users/christopherward/Projects/dinnr/app/models/booking.rb": [
        1,
        null,
        1,
        1,
        null,
        null
      ],
      "/Users/christopherward/Projects/dinnr/spec/models/event_spec.rb": [
        1,
        1,
        null,
        1,
        null,
        2,
        2,
        2,
        2,
        null,
        4,
        1,
        1,
        1,
        4,
        4,
        null,
        1,
        1,
        1,
        1,
        null,
        null,
        1,
        1,
        3,
        1,
        null,
        null,
        1,
        1,
        1,
        1,
        null,
        null,
        1,
        1,
        1,
        1,
        null,
        null,
        1,
        1,
        1,
        null,
        null,
        1,
        1,
        1,
        null,
        null,
        1,
        1,
        1,
        1,
        null,
        null,
        1,
        1,
        1,
        null,
        null,
        null,
        null
      ],
      "/Users/christopherward/Projects/dinnr/app/models/event.rb": [
        1,
        null,
        1,
        null,
        1,
        1,
        1,
        1,
        1,
        1,
        1,
        1,
        1,
        1,
        null,
        null,
        1,
        50,
        null,
        null,
        1,
        3,
        3,
        null,
        null,
        null,
        1,
        1,
        null,
        null,
        1,
        145,
        145,
        null,
        0,
        null,
        null,
        null,
        null,
        1,
        50,
        2,
        null,
        null,
        null,
        1,
        38,
        null,
        null,
        1,
        53,
        53,
        53,
        null,
        null,
        null
      ],
      "/Users/christopherward/Projects/dinnr/spec/models/eventpicture_spec.rb": [
        1,
        null,
        1,
        null,
        2,
        2,
        null,
        null
      ],
      "/Users/christopherward/Projects/dinnr/app/models/eventpicture.rb": [
        1,
        null,
        1,
        1,
        null,
        null
      ],
      "/Users/christopherward/Projects/dinnr/spec/models/picture_spec.rb": [
        1,
        null,
        1,
        null,
        2,
        2,
        2,
        null,
        null
      ],
      "/Users/christopherward/Projects/dinnr/app/models/picture.rb": [
        1,
        null,
        1,
        1,
        null,
        1,
        1,
        null,
        null
      ],
      "/Users/christopherward/Projects/dinnr/spec/models/review_spec.rb": [
        1,
        null,
        1,
        null,
        2,
        2,
        null,
        1,
        1,
        1,
        1,
        null,
        null,
        null,
        null,
        null
      ],
      "/Users/christopherward/Projects/dinnr/app/models/review.rb": [
        1,
        null,
        1,
        1,
        1,
        null,
        null
      ],
      "/Users/christopherward/Projects/dinnr/spec/models/user_spec.rb": [
        1,
        null,
        1,
        null,
        2,
        2,
        2,
        2,
        2,
        null,
        null
      ],
      "/Users/christopherward/Projects/dinnr/app/controllers/api/v1/map_controller.rb": [
        1,
        1,
        5,
        null,
        null,
        1,
        2,
        null,
        null
      ],
      "/Users/christopherward/Projects/dinnr/app/controllers/application_controller.rb": [
        1,
        null,
        null,
        1,
        null
      ],
      "/Users/christopherward/Projects/dinnr/app/controllers/events_controller.rb": [
        1,
        null,
        1,
        null,
        1,
        155,
        null,
        null,
        1,
        13,
        null,
        null,
        1,
        13,
        13,
        13,
        12,
        null,
        1,
        null,
        null,
        null,
        1,
        14,
        null,
        null,
        1,
        37,
        37,
        71,
        37,
        37,
        41,
        null,
        null,
        1,
        1,
        null,
        null,
        1,
        1,
        1,
        1,
        null,
        null,
        1,
        1,
        1,
        1,
        1,
        1,
        null,
        null,
        null,
        null
      ],
      "/Users/christopherward/Projects/dinnr/app/controllers/registrations_controller.rb": [
        1,
        null,
        1,
        null,
        1,
        32,
        null,
        null,
        1,
        2,
        null,
        null
      ],
      "/Users/christopherward/Projects/dinnr/app/controllers/bookings_controller.rb": [
        1,
        null,
        1,
        7,
        7,
        7,
        7,
        7,
        1,
        null,
        7,
        6,
        6,
        6,
        6,
        6,
        6,
        6,
        null,
        null,
        null,
        7,
        null,
        null,
        1,
        null,
        null,
        1,
        1,
        1,
        2,
        1,
        1,
        null,
        1,
        null,
        null,
        null
      ],
      "/Users/christopherward/Projects/dinnr/app/mailers/join_event_mailer.rb": [
        1,
        1,
        null,
        1,
        6,
        6,
        6,
        null,
        null,
        1,
        null,
        6,
        6,
        6,
        6,
        null,
        null,
        null
      ],
      "/Users/christopherward/Projects/dinnr/app/mailers/application_mailer.rb": [
        1,
        1,
        1,
        null
      ],
      "/Users/christopherward/Projects/dinnr/app/controllers/pictures_controller.rb": [
        1,
        null,
        null,
        1,
        10,
        10,
        14,
        null,
        null,
        1,
        8,
        null,
        null,
        1,
        4,
        4,
        4,
        4,
        null,
        0,
        null,
        null,
        null,
        1,
        4,
        null,
        null,
        1,
        0,
        null,
        null,
        1,
        1,
        1,
        1,
        1,
        null,
        null,
        1,
        3,
        3,
        3,
        null,
        null,
        null
      ],
      "/Users/christopherward/Projects/dinnr/app/controllers/eventpictures_controller.rb": [
        1,
        null,
        1,
        2,
        2,
        2,
        2,
        2,
        2,
        2,
        null,
        null,
        1,
        1,
        1,
        1,
        2,
        1,
        1,
        null,
        null,
        null
      ],
      "/Users/christopherward/Projects/dinnr/app/controllers/reviews_controller.rb": [
        1,
        null,
        1,
        1,
        1,
        null,
        null,
        1,
        1,
        1,
        1,
        1,
        1,
        1,
        null,
        null,
        1,
        2,
        null,
        null,
        1,
        1,
        3,
        1,
        null,
        null,
        1,
        1,
        1,
        1,
        1,
        null,
        null,
        null
      ],
      "/Users/christopherward/Projects/dinnr/app/controllers/users_controller.rb": [
        1,
        null,
        1,
        5,
        null,
        null,
        null
      ]
    },
    "timestamp": 1429114347
  }
}
